2022-11-12 05:57:31.220 WARNING (SyncWorker_0) [homeassistant.loader] We found a custom integration hacs which has not been tested by Home Assistant. This component might cause stability problems, be sure to disable it if you experience issues with Home Assistant
2022-11-12 05:57:31.223 WARNING (SyncWorker_0) [homeassistant.loader] We found a custom integration xiaomi_miot which has not been tested by Home Assistant. This component might cause stability problems, be sure to disable it if you experience issues with Home Assistant
2022-11-12 05:57:31.225 WARNING (SyncWorker_0) [homeassistant.loader] We found a custom integration xiaomi_cloud_map_extractor which has not been tested by Home Assistant. This component might cause stability problems, be sure to disable it if you experience issues with Home Assistant
2022-11-12 05:57:42.833 ERROR (MainThread) [homeassistant.config] Invalid config for [automation]: required key not provided @ data['action']. Got None. (See ?, line ?). 
2022-11-12 05:57:42.867 ERROR (MainThread) [homeassistant.config] Invalid config for [automation]: required key not provided @ data['action']. Got None. (See ?, line ?). 
2022-11-12 05:57:43.610 ERROR (MainThread) [homeassistant.components.camera] Entity id already exists - ignoring: camera.xiaomi_cloud_map_extractor
2022-11-12 05:59:43.671 ERROR (MainThread) [frontend.js.latest.202211021] http://homeassistant.local:8123/config/lovelace/resources:0:0 Uncaught 
2022-11-12 05:59:51.239 ERROR (MainThread) [frontend.js.latest.202211021] http://homeassistant.local:8123/lovelace/testbench:0:0 Uncaught 
2022-11-12 06:02:41.828 ERROR (MainThread) [frontend.js.latest.202211021] http://homeassistant.local:8123/hacsfiles/lovelace-xiaomi-vacuum-map-card/xiaomi-vacuum-map-card.js:1052:5206 Uncaught TypeError: Cannot read properties of undefined (reading 'map_source')
2022-11-12 06:02:43.745 ERROR (MainThread) [frontend.js.latest.202211021] http://homeassistant.local:8123/hacsfiles/lovelace-xiaomi-vacuum-map-card/xiaomi-vacuum-map-card.js:1052:5206 Uncaught TypeError: Cannot read properties of undefined (reading 'map_source')
2022-11-12 06:03:55.763 ERROR (stream_worker) [homeassistant.components.stream.stream.camera.chuangmi_021a04_d57e_camera_control] Error from stream worker: Stream ended; no additional packets
2022-11-12 06:04:07.700 WARNING (stream_worker) [libav.https] HTTP error 403 Forbidden
2022-11-12 06:04:07.742 ERROR (stream_worker) [homeassistant.components.stream.stream.camera.chuangmi_021a04_d57e_camera_control] Error from stream worker: Error opening stream (HTTP_FORBIDDEN, Server returned 403 Forbidden (access denied)) https://de02.livestreaming.io.mi.com/hlstranscoder/GCBiOTFiMTk1NzRlNTQ0NGI3OGIzODI3NjY0MzhmYTEwZhgKX191bnVzZWRfXwA_H265transH264/playlist.m3u8
2022-11-12 06:04:28.124 WARNING (stream_worker) [libav.https] HTTP error 403 Forbidden
2022-11-12 06:04:28.134 ERROR (stream_worker) [homeassistant.components.stream.stream.camera.chuangmi_021a04_d57e_camera_control] Error from stream worker: Error opening stream (HTTP_FORBIDDEN, Server returned 403 Forbidden (access denied)) https://de02.livestreaming.io.mi.com/hlstranscoder/GCBiOTFiMTk1NzRlNTQ0NGI3OGIzODI3NjY0MzhmYTEwZhgKX191bnVzZWRfXwA_H265transH264/playlist.m3u8
2022-11-12 06:13:44.516 WARNING (stream_worker) [libav.https] HTTP error 403 Forbidden
2022-11-12 06:13:44.520 ERROR (stream_worker) [homeassistant.components.stream.stream.camera.chuangmi_021a04_d57e_camera_control] Error from stream worker: Error opening stream (HTTP_FORBIDDEN, Server returned 403 Forbidden (access denied)) https://de02.livestreaming.io.mi.com/hlstranscoder/GCBiOTFiMTk1NzRlNTQ0NGI3OGIzODI3NjY0MzhmYTEwZhgKX191bnVzZWRfXwA_H265transH264/playlist.m3u8
2022-11-12 06:13:54.868 WARNING (stream_worker) [libav.https] HTTP error 403 Forbidden
2022-11-12 06:13:54.883 ERROR (stream_worker) [homeassistant.components.stream.stream.camera.chuangmi_021a04_d57e_camera_control] Error from stream worker: Error opening stream (HTTP_FORBIDDEN, Server returned 403 Forbidden (access denied)) https://de02.livestreaming.io.mi.com/hlstranscoder/GCBiOTFiMTk1NzRlNTQ0NGI3OGIzODI3NjY0MzhmYTEwZhgKX191bnVzZWRfXwA_H265transH264/playlist.m3u8
2022-11-12 06:14:15.222 WARNING (stream_worker) [libav.https] HTTP error 403 Forbidden
2022-11-12 06:14:15.229 ERROR (stream_worker) [homeassistant.components.stream.stream.camera.chuangmi_021a04_d57e_camera_control] Error from stream worker: Error opening stream (HTTP_FORBIDDEN, Server returned 403 Forbidden (access denied)) https://de02.livestreaming.io.mi.com/hlstranscoder/GCBiOTFiMTk1NzRlNTQ0NGI3OGIzODI3NjY0MzhmYTEwZhgKX191bnVzZWRfXwA_H265transH264/playlist.m3u8
2022-11-12 06:14:45.570 WARNING (stream_worker) [libav.https] HTTP error 403 Forbidden
2022-11-12 06:14:45.579 ERROR (stream_worker) [homeassistant.components.stream.stream.camera.chuangmi_021a04_d57e_camera_control] Error from stream worker: Error opening stream (HTTP_FORBIDDEN, Server returned 403 Forbidden (access denied)) https://de02.livestreaming.io.mi.com/hlstranscoder/GCBiOTFiMTk1NzRlNTQ0NGI3OGIzODI3NjY0MzhmYTEwZhgKX191bnVzZWRfXwA_H265transH264/playlist.m3u8
2022-11-12 06:15:25.924 WARNING (stream_worker) [libav.https] HTTP error 403 Forbidden
2022-11-12 06:15:25.933 ERROR (stream_worker) [homeassistant.components.stream.stream.camera.chuangmi_021a04_d57e_camera_control] Error from stream worker: Error opening stream (HTTP_FORBIDDEN, Server returned 403 Forbidden (access denied)) https://de02.livestreaming.io.mi.com/hlstranscoder/GCBiOTFiMTk1NzRlNTQ0NGI3OGIzODI3NjY0MzhmYTEwZhgKX191bnVzZWRfXwA_H265transH264/playlist.m3u8
2022-11-12 06:16:16.282 WARNING (stream_worker) [libav.https] HTTP error 403 Forbidden
2022-11-12 06:16:16.291 ERROR (stream_worker) [homeassistant.components.stream.stream.camera.chuangmi_021a04_d57e_camera_control] Error from stream worker: Error opening stream (HTTP_FORBIDDEN, Server returned 403 Forbidden (access denied)) https://de02.livestreaming.io.mi.com/hlstranscoder/GCBiOTFiMTk1NzRlNTQ0NGI3OGIzODI3NjY0MzhmYTEwZhgKX191bnVzZWRfXwA_H265transH264/playlist.m3u8
2022-11-12 06:17:16.707 WARNING (stream_worker) [libav.https] HTTP error 403 Forbidden
2022-11-12 06:17:16.717 ERROR (stream_worker) [homeassistant.components.stream.stream.camera.chuangmi_021a04_d57e_camera_control] Error from stream worker: Error opening stream (HTTP_FORBIDDEN, Server returned 403 Forbidden (access denied)) https://de02.livestreaming.io.mi.com/hlstranscoder/GCBiOTFiMTk1NzRlNTQ0NGI3OGIzODI3NjY0MzhmYTEwZhgKX191bnVzZWRfXwA_H265transH264/playlist.m3u8
2022-11-12 06:18:27.127 WARNING (stream_worker) [libav.https] HTTP error 403 Forbidden
2022-11-12 06:18:27.136 ERROR (stream_worker) [homeassistant.components.stream.stream.camera.chuangmi_021a04_d57e_camera_control] Error from stream worker: Error opening stream (HTTP_FORBIDDEN, Server returned 403 Forbidden (access denied)) https://de02.livestreaming.io.mi.com/hlstranscoder/GCBiOTFiMTk1NzRlNTQ0NGI3OGIzODI3NjY0MzhmYTEwZhgKX191bnVzZWRfXwA_H265transH264/playlist.m3u8
2022-11-12 06:19:47.543 WARNING (stream_worker) [libav.https] HTTP error 403 Forbidden
2022-11-12 06:19:47.553 ERROR (stream_worker) [homeassistant.components.stream.stream.camera.chuangmi_021a04_d57e_camera_control] Error from stream worker: Error opening stream (HTTP_FORBIDDEN, Server returned 403 Forbidden (access denied)) https://de02.livestreaming.io.mi.com/hlstranscoder/GCBiOTFiMTk1NzRlNTQ0NGI3OGIzODI3NjY0MzhmYTEwZhgKX191bnVzZWRfXwA_H265transH264/playlist.m3u8
2022-11-12 06:21:17.997 WARNING (stream_worker) [libav.https] HTTP error 403 Forbidden
2022-11-12 06:21:18.006 ERROR (stream_worker) [homeassistant.components.stream.stream.camera.chuangmi_021a04_d57e_camera_control] Error from stream worker: Error opening stream (HTTP_FORBIDDEN, Server returned 403 Forbidden (access denied)) https://de02.livestreaming.io.mi.com/hlstranscoder/GCBiOTFiMTk1NzRlNTQ0NGI3OGIzODI3NjY0MzhmYTEwZhgKX191bnVzZWRfXwA_H265transH264/playlist.m3u8
2022-11-12 06:22:07.149 ERROR (MainThread) [homeassistant.config] Invalid config for [automation]: Unable to determine action @ data['action'][3]. Got None. (See ?, line ?). 
2022-11-12 06:22:58.421 WARNING (stream_worker) [libav.https] HTTP error 403 Forbidden
2022-11-12 06:22:58.429 ERROR (stream_worker) [homeassistant.components.stream.stream.camera.chuangmi_021a04_d57e_camera_control] Error from stream worker: Error opening stream (HTTP_FORBIDDEN, Server returned 403 Forbidden (access denied)) https://de02.livestreaming.io.mi.com/hlstranscoder/GCBiOTFiMTk1NzRlNTQ0NGI3OGIzODI3NjY0MzhmYTEwZhgKX191bnVzZWRfXwA_H265transH264/playlist.m3u8
